ruby process_paid_claims.rb 2018-05-30 2018-06-27
using 30-May-2018 as start date
using 27-Jun-2018 as end date
Will go through *billed* visits in given range, look for match in claims table and assign paid status,amount paid,claim id and visit id if match found
Payment revised for patient 43254, Visit 338018 27-Jun-2018 14:21 : submitted: 33.7;  billed: 33.7, pd: 37.07
Payment revised for patient 48150, Visit 337943 26-Jun-2018 12:52 : submitted: 33.7;  billed: 33.7, pd: 37.07
Payment revised for patient 70910, Visit 337922 26-Jun-2018 10:03 : submitted: 33.7;  billed: 33.7, pd: 37.07
Payment revised for patient 4223, Visit 337716 22-Jun-2018 15:33 : submitted: 33.7;  billed: 33.7, pd: 37.07
Payment revised for patient 63076, Visit 337714 22-Jun-2018 15:05 : submitted: 33.7;  billed: 33.7, pd: 37.07
Payment revised for patient 67437, Visit 337533 20-Jun-2018 14:10 : submitted: 33.7;  billed: 33.7, pd: 37.07
Payment revised for patient 43254, Visit 337532 20-Jun-2018 14:10 : submitted: 33.7;  billed: 33.7, pd: 37.07
Payment revised for patient 54248, Visit 337529 20-Jun-2018 14:05 : submitted: 33.7;  billed: 33.7, pd: 37.07
Payment revised for patient 62633, Visit 337521 20-Jun-2018 12:18 : submitted: 33.7;  billed: 33.7, pd: 37.07
Payment revised for patient 41175, Visit 337515 20-Jun-2018 11:24 : submitted: 25.59;  billed: 25.59, pd: 27.76
Payment revised for patient 8790, Visit 337407 19-Jun-2018 10:27 : submitted: 33.7;  billed: 33.7, pd: 37.07
Payment revised for patient 63233, Visit 337376 18-Jun-2018 16:28 : submitted: 28.45;  billed: 28.45, pd: 25.59
Payment revised for patient 26057, Visit 337375 18-Jun-2018 16:28 : submitted: 28.45;  billed: 28.45, pd: 25.59
Payment revised for patient 22606, Visit 337374 18-Jun-2018 16:27 : submitted: 28.45;  billed: 28.45, pd: 25.59
No paid claim found for pat 68301 (R) HC#: 9127830361 visit 337354 12-Jun-2018 13:05 (HCP) by accounting_no or HC/visit date 
Payment revised for patient 70834, Visit 337367 12-Jun-2018 12:52 : submitted: 33.7;  billed: 33.7, pd: 0.0
Payment revised for patient 54973, Visit 337346 12-Jun-2018 11:48 : submitted: 33.7;  billed: 33.7, pd: 37.07
Payment revised for patient 66243, Visit 337341 12-Jun-2018 11:28 : submitted: 35.77;  billed: 35.77, pd: 39.14
Payment revised for patient 2324, Visit 337198 11-Jun-2018 10:18 : submitted: 33.7;  billed: 33.7, pd: 37.07
Payment revised for patient 4352, Visit 337197 11-Jun-2018 10:17 : submitted: 33.7;  billed: 33.7, pd: 37.07
Payment revised for patient 54248, Visit 336680 08-Jun-2018 15:25 : submitted: 33.7;  billed: 33.7, pd: 37.07
Payment revised for patient 70706, Visit 336662 08-Jun-2018 13:21 : submitted: 33.7;  billed: 33.7, pd: 37.07
Payment revised for patient 44365, Visit 336636 08-Jun-2018 09:25 : submitted: 33.7;  billed: 33.7, pd: 37.07
Payment revised for patient 3363, Visit 336510 06-Jun-2018 15:30 : submitted: 67.4;  billed: 67.4, pd: 33.7
Payment revised for patient 62633, Visit 336479 06-Jun-2018 11:33 : submitted: 33.7;  billed: 33.7, pd: 37.07
No paid claim found for pat 47325 (W) HC#:  visit 336402 05-Jun-2018 14:00 (HCP) by accounting_no or HC/visit date 
Payment revised for patient 70667, Visit 336394 05-Jun-2018 12:22 : submitted: 33.7;  billed: 33.7, pd: 37.07
No paid claim found for pat 53935 (W) HC#:  visit 336330 04-Jun-2018 15:16 (HCP) by accounting_no or HC/visit date 
No paid claim found for pat 5604 (O) HC#: 3045716952 visit 336301 04-Jun-2018 11:58 (RMB) by accounting_no or HC/visit date 
No paid claim found for pat 62612 (W) HC#:  visit 336158 01-Jun-2018 14:03 (HCP) by accounting_no or HC/visit date 
Payment revised for patient 67117, Visit 336140 01-Jun-2018 10:33 : submitted: 40.45;  billed: 40.45, pd: 37.59
Payment revised for patient 3278, Visit 335997 30-May-2018 12:33 : submitted: 33.7;  billed: 33.7, pd: 37.07
1837 claims were paid in full; 27 claims were revised; 5 claims were not paid 
Total amount submitted in this batch: 64690.8
Total amount paid in this batch: 64681.53

